<?xml version="1.0" encoding="UTF-8"?>
<!-- Generated by org.testng.reporters.JUnitXMLReporter -->
<testsuite hostname="BDC8-LX-G01L1GR" ignored="1" name="Default test" tests="3" failures="0" timestamp="29 Apr 2020 06:55:35 GMT" time="48.264" errors="0">
  <testcase name="validateloginpageTitle" time="0.024" classname="com.test.qa.testcases.HomePagetest"/>
  <testcase name="validatehomepageLinks" time="0.057" classname="com.test.qa.testcases.HomePagetest"/>
  <testcase name="loginTest" time="16.034" classname="com.test.qa.testcases.HomePagetest"/>
  <testcase name="registerTest" time="0.0" classname="com.test.qa.testcases.HomePagetest">
    <ignored/>
  </testcase> <!-- registerTest -->
</testsuite> <!-- Default test -->
